2022-08-09T08:01:15.345Z | [  [31merror[39m  ] | Converting circular structure to JSON
    --> starting at object with constructor 'ClientRequest'
    |     property 'socket' -> object with constructor 'TLSSocket'
    --- property '_httpMessage' closes the circle
2022-08-09T08:10:06.376Z | [  [31merror[39m  ] | Error page not found 404
2022-08-09T08:10:18.507Z | [  [31merror[39m  ] | Error page not found 404
2022-08-09T08:23:39.339Z | [  [31merror[39m  ] | Request failed with status code 404
2022-08-09T08:24:19.143Z | [  [31merror[39m  ] | Request failed with status code 404
2022-08-09T08:24:34.170Z | [  [31merror[39m  ] | Request failed with status code 404
2022-08-09T08:24:36.154Z | [  [31merror[39m  ] | Request failed with status code 404
2022-08-09T08:24:37.694Z | [  [31merror[39m  ] | Request failed with status code 404
2022-08-09T08:24:39.311Z | [  [31merror[39m  ] | Request failed with status code 404
2022-08-09T08:24:40.937Z | [  [31merror[39m  ] | Request failed with status code 404
2022-08-09T08:25:31.325Z | [  [31merror[39m  ] | Request failed with status code 404
2022-08-09T08:26:22.584Z | [  [31merror[39m  ] | Request failed with status code 404
2022-08-09T08:26:42.275Z | [  [31merror[39m  ] | Request failed with status code 404
2022-08-09T09:32:22.002Z | [  [31merror[39m  ] | databse is not connected
2022-08-09T09:32:22.003Z | [  [31merror[39m  ] | querySrv ECONNREFUSED _mongodb._tcp.cluster0.orvm9.mongodb.net
2022-08-09T09:47:21.384Z | [  [31merror[39m  ] | databse is not connected
2022-08-09T09:47:21.385Z | [  [31merror[39m  ] | querySrv ECONNREFUSED _mongodb._tcp.cluster0.orvm9.mongodb.net
2022-08-09T09:47:30.108Z | [  [31merror[39m  ] | databse is not connected
2022-08-09T09:47:30.109Z | [  [31merror[39m  ] | querySrv ECONNREFUSED _mongodb._tcp.cluster0.orvm9.mongodb.net
2022-08-09T19:24:24.518Z | [  [31merror[39m  ] | Error page not found 404
2022-08-09T20:31:22.586Z | [  [31merror[39m  ] | databse is not connected
2022-08-09T20:31:22.588Z | [  [31merror[39m  ] | connection 1 to 3.6.223.164:27017 closed
2022-08-09T20:34:51.598Z | [  [31merror[39m  ] | databse is not connected
2022-08-09T20:34:51.599Z | [  [31merror[39m  ] | querySrv ECONNREFUSED _mongodb._tcp.cluster0.orvm9.mongodb.net
2022-08-09T20:35:10.902Z | [  [31merror[39m  ] | databse is not connected
2022-08-09T20:35:10.903Z | [  [31merror[39m  ] | querySrv ECONNREFUSED _mongodb._tcp.cluster0.orvm9.mongodb.net
2022-08-09T20:35:14.281Z | [  [31merror[39m  ] | databse is not connected
2022-08-09T20:35:14.282Z | [  [31merror[39m  ] | querySrv ECONNREFUSED _mongodb._tcp.cluster0.orvm9.mongodb.net
2022-08-09T20:35:31.413Z | [  [31merror[39m  ] | databse is not connected
2022-08-09T20:35:31.413Z | [  [31merror[39m  ] | querySrv ECONNREFUSED _mongodb._tcp.cluster0.orvm9.mongodb.net
2022-08-09T20:35:36.427Z | [  [31merror[39m  ] | databse is not connected
2022-08-09T20:35:36.428Z | [  [31merror[39m  ] | querySrv ECONNREFUSED _mongodb._tcp.cluster0.orvm9.mongodb.net
2022-08-09T20:37:12.292Z | [  [31merror[39m  ] | databse is not connected
2022-08-09T20:37:12.294Z | [  [31merror[39m  ] | queryTxt ETIMEOUT cluster0.orvm9.mongodb.net
