2022-08-08T11:50:46.941Z | [  [32minfo[39m  ] | Example app listening on port 8081!
2022-08-08T11:50:47.449Z | [  [32minfo[39m  ] | Database is connected successfully.......
2022-08-08T11:51:08.852Z | [  [32minfo[39m  ] | Example app listening on port 8081!
2022-08-08T11:51:09.368Z | [  [32minfo[39m  ] | Database is connected successfully.......
2022-08-08T11:51:18.050Z | [  [32minfo[39m  ] | Example app listening on port 8081!
2022-08-08T11:51:18.539Z | [  [32minfo[39m  ] | Database is connected successfully.......
2022-08-08T11:59:48.686Z | [  [32minfo[39m  ] | Example app listening on port 8081!
2022-08-08T11:59:49.193Z | [  [32minfo[39m  ] | Database is connected successfully.......
2022-08-08T12:01:42.521Z | [  [32minfo[39m  ] | Example app listening on port 8081!
2022-08-08T12:01:43.043Z | [  [32minfo[39m  ] | Database is connected successfully.......
2022-08-08T12:02:50.997Z | [  [32minfo[39m  ] | Example app listening on port 8081!
2022-08-08T12:02:51.535Z | [  [32minfo[39m  ] | Database is connected successfully.......
2022-08-08T12:04:45.100Z | [  [32minfo[39m  ] | Example app listening on port 8081!
2022-08-08T12:04:45.605Z | [  [32minfo[39m  ] | Database is connected successfully.......
2022-08-08T12:06:31.209Z | [  [31merror[39m  ] | You are not allow to do that
2022-08-08T12:10:07.462Z | [  [32minfo[39m  ] | Example app listening on port 8081!
2022-08-08T12:10:07.969Z | [  [32minfo[39m  ] | Database is connected successfully.......
2022-08-08T12:10:55.468Z | [  [32minfo[39m  ] | Example app listening on port 8081!
2022-08-08T12:10:55.938Z | [  [32minfo[39m  ] | Database is connected successfully.......
2022-08-08T12:11:32.477Z | [  [31merror[39m  ] | Email id already exist
2022-08-08T12:12:03.232Z | [  [32minfo[39m  ] | verifivations mail has been send
2022-08-08T12:13:00.938Z | [  [32minfo[39m  ] | Verificatins Succucessfuly complete!. please login
2022-08-08T12:14:21.282Z | [  [32minfo[39m  ] | user logging successfully
2022-08-08T12:20:08.158Z | [  [32minfo[39m  ] | Example app listening on port 8081!
2022-08-08T12:20:08.681Z | [  [32minfo[39m  ] | Database is connected successfully.......
2022-08-08T12:25:48.091Z | [  [32minfo[39m  ] | Example app listening on port 8081!
2022-08-08T12:25:48.606Z | [  [32minfo[39m  ] | Database is connected successfully.......
2022-08-08T12:26:00.087Z | [  [32minfo[39m  ] | Example app listening on port 8081!
2022-08-08T12:26:00.594Z | [  [32minfo[39m  ] | Database is connected successfully.......
2022-08-08T12:27:23.678Z | [  [31merror[39m  ] | Unexpected token u in JSON at position 0
2022-08-08T12:29:52.233Z | [  [32minfo[39m  ] | Example app listening on port 8081!
2022-08-08T12:29:52.763Z | [  [32minfo[39m  ] | Database is connected successfully.......
2022-08-08T12:31:08.370Z | [  [32minfo[39m  ] | Example app listening on port 8081!
2022-08-08T12:31:09.515Z | [  [32minfo[39m  ] | Database is connected successfully.......
2022-08-08T12:31:44.668Z | [  [32minfo[39m  ] | seccessfull we get all verified users
2022-08-08T12:32:53.679Z | [  [32minfo[39m  ] | seccessfull we get all verified users
2022-08-08T12:39:45.186Z | [  [32minfo[39m  ] | Example app listening on port 8081!
2022-08-08T12:39:46.273Z | [  [32minfo[39m  ] | Database is connected successfully.......
2022-08-08T12:40:09.902Z | [  [32minfo[39m  ] | Example app listening on port 8081!
2022-08-08T12:40:10.978Z | [  [32minfo[39m  ] | Database is connected successfully.......
2022-08-08T12:41:24.382Z | [  [32minfo[39m  ] | Example app listening on port 8081!
2022-08-08T12:41:25.689Z | [  [32minfo[39m  ] | Database is connected successfully.......
2022-08-08T12:42:12.802Z | [  [32minfo[39m  ] | Example app listening on port 8081!
2022-08-08T12:42:13.891Z | [  [32minfo[39m  ] | Database is connected successfully.......
2022-08-08T12:42:33.589Z | [  [32minfo[39m  ] | Example app listening on port 8081!
2022-08-08T12:42:34.701Z | [  [32minfo[39m  ] | Database is connected successfully.......
2022-08-08T12:43:16.713Z | [  [32minfo[39m  ] | Example app listening on port 8081!
2022-08-08T12:43:18.025Z | [  [32minfo[39m  ] | Database is connected successfully.......
2022-08-08T12:45:53.511Z | [  [32minfo[39m  ] | Example app listening on port 8081!
2022-08-08T12:45:54.762Z | [  [32minfo[39m  ] | Database is connected successfully.......
2022-08-08T12:46:11.913Z | [  [32minfo[39m  ] | Example app listening on port 8081!
2022-08-08T12:46:12.939Z | [  [32minfo[39m  ] | Database is connected successfully.......
2022-08-08T12:48:15.786Z | [  [32minfo[39m  ] | Example app listening on port 8081!
2022-08-08T12:48:16.872Z | [  [32minfo[39m  ] | Database is connected successfully.......
2022-08-08T12:50:37.424Z | [  [32minfo[39m  ] | Example app listening on port 8081!
2022-08-08T12:50:38.636Z | [  [32minfo[39m  ] | Database is connected successfully.......
2022-08-08T12:51:13.594Z | [  [32minfo[39m  ] | Example app listening on port 8081!
2022-08-08T12:51:14.700Z | [  [32minfo[39m  ] | Database is connected successfully.......
2022-08-08T12:52:08.890Z | [  [32minfo[39m  ] | Example app listening on port 8081!
2022-08-08T12:52:10.023Z | [  [32minfo[39m  ] | Database is connected successfully.......
2022-08-08T12:54:33.629Z | [  [32minfo[39m  ] | Example app listening on port 8081!
2022-08-08T12:54:34.946Z | [  [32minfo[39m  ] | Database is connected successfully.......
2022-08-08T12:54:57.552Z | [  [31merror[39m  ] | you are not authorize user !
2022-08-08T12:54:58.844Z | [  [31merror[39m  ] | you are not authorize user !
2022-08-08T12:55:29.686Z | [  [32minfo[39m  ] | Example app listening on port 8081!
2022-08-08T12:55:30.778Z | [  [32minfo[39m  ] | Database is connected successfully.......
2022-08-08T12:56:20.486Z | [  [32minfo[39m  ] | Example app listening on port 8081!
2022-08-08T12:56:21.446Z | [  [32minfo[39m  ] | Database is connected successfully.......
2022-08-08T12:57:37.510Z | [  [32minfo[39m  ] | Example app listening on port 8081!
2022-08-08T12:57:38.809Z | [  [32minfo[39m  ] | Database is connected successfully.......
2022-08-08T12:58:02.628Z | [  [32minfo[39m  ] | Example app listening on port 8081!
2022-08-08T12:58:03.745Z | [  [32minfo[39m  ] | Database is connected successfully.......
2022-08-08T12:58:38.730Z | [  [32minfo[39m  ] | Example app listening on port 8081!
2022-08-08T12:58:39.929Z | [  [32minfo[39m  ] | Database is connected successfully.......
2022-08-08T12:58:47.058Z | [  [32minfo[39m  ] | Example app listening on port 8081!
2022-08-08T12:58:48.025Z | [  [32minfo[39m  ] | Database is connected successfully.......
2022-08-08T13:00:43.618Z | [  [32minfo[39m  ] | Example app listening on port 8081!
2022-08-08T13:00:44.784Z | [  [32minfo[39m  ] | Database is connected successfully.......
2022-08-08T13:02:32.593Z | [  [31merror[39m  ] | Plan executor error during findAndModify :: caused by :: E11000 duplicate key error collection: test.users index: userName_1 dup key: { userName: "ramsmujh" }
2022-08-08T13:03:16.268Z | [  [32minfo[39m  ] | user update successfully............
2022-08-08T13:06:50.614Z | [  [32minfo[39m  ] | Example app listening on port 8081!
2022-08-08T13:06:51.698Z | [  [32minfo[39m  ] | Database is connected successfully.......
2022-08-08T13:07:05.810Z | [  [32minfo[39m  ] | Example app listening on port 8081!
2022-08-08T13:07:06.731Z | [  [32minfo[39m  ] | Database is connected successfully.......
2022-08-08T13:08:36.145Z | [  [32minfo[39m  ] | Example app listening on port 8081!
2022-08-08T13:08:37.286Z | [  [32minfo[39m  ] | Database is connected successfully.......
2022-08-08T13:09:13.426Z | [  [32minfo[39m  ] | Example app listening on port 8081!
2022-08-08T13:09:14.561Z | [  [32minfo[39m  ] | Database is connected successfully.......
2022-08-08T13:11:22.110Z | [  [32minfo[39m  ] | Example app listening on port 8081!
2022-08-08T13:11:23.276Z | [  [32minfo[39m  ] | Database is connected successfully.......
2022-08-08T13:19:14.702Z | [  [32minfo[39m  ] | Example app listening on port 8081!
2022-08-08T13:19:16.136Z | [  [32minfo[39m  ] | Database is connected successfully.......
2022-08-08T13:19:43.102Z | [  [32minfo[39m  ] | Example app listening on port 8081!
2022-08-08T13:19:44.056Z | [  [32minfo[39m  ] | Database is connected successfully.......
2022-08-08T13:19:51.823Z | [  [32minfo[39m  ] | Example app listening on port 8081!
2022-08-08T13:19:52.778Z | [  [32minfo[39m  ] | Database is connected successfully.......
2022-08-08T13:22:28.108Z | [  [32minfo[39m  ] | Example app listening on port 8081!
2022-08-08T13:22:29.330Z | [  [32minfo[39m  ] | Database is connected successfully.......
2022-08-08T13:24:30.866Z | [  [32minfo[39m  ] | Example app listening on port 8081!
2022-08-08T13:24:32.058Z | [  [32minfo[39m  ] | Database is connected successfully.......
2022-08-08T13:26:33.828Z | [  [31merror[39m  ] | Error page not found 404
2022-08-08T13:27:36.834Z | [  [31merror[39m  ] | "isAdmin" must be a boolean
2022-08-08T13:28:09.671Z | [  [31merror[39m  ] | "isVerified" is not allowed
2022-08-08T13:30:18.274Z | [  [32minfo[39m  ] | Example app listening on port 8081!
2022-08-08T13:30:19.459Z | [  [32minfo[39m  ] | Database is connected successfully.......
2022-08-08T13:31:06.629Z | [  [32minfo[39m  ] | Example app listening on port 8081!
2022-08-08T13:31:07.918Z | [  [32minfo[39m  ] | Database is connected successfully.......
2022-08-08T13:31:11.150Z | [  [32minfo[39m  ] | Example app listening on port 8081!
2022-08-08T13:31:12.225Z | [  [32minfo[39m  ] | Database is connected successfully.......
2022-08-08T13:32:27.496Z | [  [32minfo[39m  ] | Example app listening on port 8081!
2022-08-08T13:32:28.583Z | [  [32minfo[39m  ] | Database is connected successfully.......
2022-08-08T13:37:16.792Z | [  [32minfo[39m  ] | Example app listening on port 8081!
2022-08-08T13:37:17.935Z | [  [32minfo[39m  ] | Database is connected successfully.......
2022-08-08T13:37:46.624Z | [  [32minfo[39m  ] | Example app listening on port 8081!
2022-08-08T13:37:47.618Z | [  [32minfo[39m  ] | Database is connected successfully.......
2022-08-08T13:39:12.150Z | [  [32minfo[39m  ] | user find seccessfully
2022-08-08T13:41:59.316Z | [  [32minfo[39m  ] | Example app listening on port 8081!
2022-08-08T13:41:59.824Z | [  [32minfo[39m  ] | Database is connected successfully.......
2022-08-08T13:42:17.787Z | [  [32minfo[39m  ] | Example app listening on port 8081!
2022-08-08T13:42:18.253Z | [  [32minfo[39m  ] | Database is connected successfully.......
2022-08-08T13:42:26.836Z | [  [31merror[39m  ] | Cannot convert undefined or null to object
2022-08-08T13:43:45.532Z | [  [32minfo[39m  ] | Example app listening on port 8081!
2022-08-08T13:43:46.654Z | [  [32minfo[39m  ] | Database is connected successfully.......
2022-08-08T13:44:34.646Z | [  [31merror[39m  ] | Cannot convert undefined or null to object
2022-08-08T13:45:06.600Z | [  [32minfo[39m  ] | Example app listening on port 8081!
2022-08-08T13:45:07.784Z | [  [32minfo[39m  ] | Database is connected successfully.......
2022-08-08T13:46:04.964Z | [  [32minfo[39m  ] | user find sucessfully
2022-08-08T13:48:34.873Z | [  [32minfo[39m  ] | Example app listening on port 8081!
2022-08-08T13:48:36.230Z | [  [32minfo[39m  ] | Database is connected successfully.......
2022-08-08T13:49:08.564Z | [  [32minfo[39m  ] | Example app listening on port 8081!
2022-08-08T13:49:09.544Z | [  [32minfo[39m  ] | Database is connected successfully.......
2022-08-08T13:52:33.081Z | [  [32minfo[39m  ] | Example app listening on port 8081!
2022-08-08T13:52:34.329Z | [  [32minfo[39m  ] | Database is connected successfully.......
2022-08-08T13:53:24.329Z | [  [32minfo[39m  ] | Example app listening on port 8081!
2022-08-08T13:53:25.359Z | [  [32minfo[39m  ] | Database is connected successfully.......
2022-08-08T13:53:50.600Z | [  [32minfo[39m  ] | Example app listening on port 8081!
2022-08-08T13:53:51.514Z | [  [32minfo[39m  ] | Database is connected successfully.......
2022-08-08T13:56:20.317Z | [  [31merror[39m  ] | Invalid atomic update value for $set. Expected an object, received boolean
2022-08-08T13:56:50.385Z | [  [32minfo[39m  ] | Example app listening on port 8081!
2022-08-08T13:56:50.903Z | [  [32minfo[39m  ] | Database is connected successfully.......
2022-08-08T13:57:15.283Z | [  [31merror[39m  ] | Invalid atomic update value for $set. Expected an object, received boolean
2022-08-08T13:57:20.041Z | [  [31merror[39m  ] | Invalid atomic update value for $set. Expected an object, received boolean
2022-08-08T14:07:42.255Z | [  [32minfo[39m  ] | Example app listening on port 8081!
2022-08-08T14:07:42.772Z | [  [32minfo[39m  ] | Database is connected successfully.......
2022-08-08T14:07:54.294Z | [  [32minfo[39m  ] | user is deleted successfully
2022-08-08T14:09:58.223Z | [  [32minfo[39m  ] | Example app listening on port 8081!
2022-08-08T14:09:58.742Z | [  [32minfo[39m  ] | Database is connected successfully.......
2022-08-08T14:10:45.181Z | [  [32minfo[39m  ] | Example app listening on port 8081!
2022-08-08T14:10:45.685Z | [  [32minfo[39m  ] | Database is connected successfully.......
2022-08-08T14:12:01.069Z | [  [32minfo[39m  ] | Example app listening on port 8081!
2022-08-08T14:12:01.633Z | [  [32minfo[39m  ] | Database is connected successfully.......
2022-08-08T14:12:37.162Z | [  [32minfo[39m  ] | Example app listening on port 8081!
2022-08-08T14:12:37.676Z | [  [32minfo[39m  ] | Database is connected successfully.......
2022-08-08T14:12:45.205Z | [  [32minfo[39m  ] | Example app listening on port 8081!
2022-08-08T14:12:45.668Z | [  [32minfo[39m  ] | Database is connected successfully.......
2022-08-08T14:15:33.611Z | [  [32minfo[39m  ] | user is deleted successfully
2022-08-08T14:16:56.006Z | [  [32minfo[39m  ] | user find sucessfully
2022-08-08T14:18:42.719Z | [  [32minfo[39m  ] | Example app listening on port 8081!
2022-08-08T14:18:43.235Z | [  [32minfo[39m  ] | Database is connected successfully.......
2022-08-08T14:19:28.354Z | [  [32minfo[39m  ] | Example app listening on port 8081!
2022-08-08T14:19:28.840Z | [  [32minfo[39m  ] | Database is connected successfully.......
2022-08-08T14:34:02.534Z | [  [32minfo[39m  ] | Example app listening on port 8081!
2022-08-08T14:34:02.578Z | [  [31merror[39m  ] | databse is not connected
2022-08-08T14:34:02.579Z | [  [31merror[39m  ] | querySrv ECONNREFUSED _mongodb._tcp.cluster0.orvm9.mongodb.net
2022-08-08T14:38:25.144Z | [  [32minfo[39m  ] | Example app listening on port 8081!
2022-08-08T14:38:25.759Z | [  [32minfo[39m  ] | Database is connected successfully.......
2022-08-08T14:39:29.821Z | [  [32minfo[39m  ] | user find sucessfully
2022-08-08T14:43:51.576Z | [  [32minfo[39m  ] | Example app listening on port 8081!
2022-08-08T14:43:52.066Z | [  [32minfo[39m  ] | Database is connected successfully.......
2022-08-08T14:44:44.285Z | [  [31merror[39m  ] | FieldPath field names may not start with '$'. Consider using $getField or $setField.
2022-08-08T14:59:42.656Z | [  [32minfo[39m  ] | Example app listening on port 8081!
2022-08-08T14:59:43.171Z | [  [32minfo[39m  ] | Database is connected successfully.......
2022-08-08T15:01:24.740Z | [  [32minfo[39m  ] | Example app listening on port 8081!
2022-08-08T15:01:25.331Z | [  [32minfo[39m  ] | Database is connected successfully.......
2022-08-08T15:03:08.716Z | [  [32minfo[39m  ] | user find sucessfully
2022-08-08T15:04:03.425Z | [  [32minfo[39m  ] | user find sucessfully
2022-08-08T15:04:04.780Z | [  [32minfo[39m  ] | user find sucessfully
2022-08-08T15:40:07.861Z | [  [32minfo[39m  ] | Example app listening on port 8081!
2022-08-08T15:40:08.398Z | [  [32minfo[39m  ] | Database is connected successfully.......
2022-08-08T15:46:48.274Z | [  [32minfo[39m  ] | Example app listening on port 8081!
2022-08-08T15:46:48.776Z | [  [32minfo[39m  ] | Database is connected successfully.......
2022-08-08T15:47:11.725Z | [  [32minfo[39m  ] | Example app listening on port 8081!
2022-08-08T15:47:12.169Z | [  [32minfo[39m  ] | Database is connected successfully.......
2022-08-08T15:47:17.628Z | [  [32minfo[39m  ] | Example app listening on port 8081!
2022-08-08T15:47:18.154Z | [  [32minfo[39m  ] | Database is connected successfully.......
2022-08-08T15:48:45.641Z | [  [31merror[39m  ] | Must have a string or function for $where
2022-08-08T15:48:47.065Z | [  [31merror[39m  ] | Must have a string or function for $where
2022-08-08T15:52:10.058Z | [  [32minfo[39m  ] | Example app listening on port 8081!
2022-08-08T15:52:17.050Z | [  [32minfo[39m  ] | Database is connected successfully.......
2022-08-08T15:52:21.580Z | [  [32minfo[39m  ] | Example app listening on port 8081!
2022-08-08T15:52:28.276Z | [  [32minfo[39m  ] | Database is connected successfully.......
2022-08-08T15:53:16.974Z | [  [32minfo[39m  ] | user find sucessfully
2022-08-08T15:57:11.829Z | [  [32minfo[39m  ] | Example app listening on port 8081!
2022-08-08T15:57:13.236Z | [  [32minfo[39m  ] | Database is connected successfully.......
2022-08-08T15:57:19.050Z | [  [32minfo[39m  ] | user find sucessfully
2022-08-08T15:57:36.147Z | [  [32minfo[39m  ] | Example app listening on port 8081!
2022-08-08T15:57:37.193Z | [  [32minfo[39m  ] | Database is connected successfully.......
2022-08-08T15:58:15.825Z | [  [32minfo[39m  ] | Example app listening on port 8081!
2022-08-08T15:58:17.001Z | [  [32minfo[39m  ] | Database is connected successfully.......
2022-08-08T15:58:20.216Z | [  [32minfo[39m  ] | Example app listening on port 8081!
2022-08-08T15:58:21.185Z | [  [32minfo[39m  ] | Database is connected successfully.......
2022-08-08T15:58:24.192Z | [  [32minfo[39m  ] | Example app listening on port 8081!
2022-08-08T15:58:27.965Z | [  [32minfo[39m  ] | Example app listening on port 8081!
2022-08-08T15:58:32.379Z | [  [32minfo[39m  ] | Database is connected successfully.......
2022-08-08T15:58:41.616Z | [  [32minfo[39m  ] | Example app listening on port 8081!
2022-08-08T15:58:43.321Z | [  [32minfo[39m  ] | Database is connected successfully.......
2022-08-08T15:58:47.253Z | [  [32minfo[39m  ] | Example app listening on port 8081!
2022-08-08T15:58:48.242Z | [  [32minfo[39m  ] | Database is connected successfully.......
2022-08-08T15:58:51.951Z | [  [32minfo[39m  ] | Example app listening on port 8081!
2022-08-08T15:58:53.472Z | [  [32minfo[39m  ] | Database is connected successfully.......
2022-08-08T15:58:56.237Z | [  [32minfo[39m  ] | Example app listening on port 8081!
2022-08-08T15:58:57.277Z | [  [32minfo[39m  ] | Database is connected successfully.......
2022-08-08T15:59:08.656Z | [  [32minfo[39m  ] | Example app listening on port 8081!
2022-08-08T15:59:10.768Z | [  [32minfo[39m  ] | Database is connected successfully.......
2022-08-08T15:59:58.080Z | [  [32minfo[39m  ] | Example app listening on port 8081!
2022-08-08T16:00:04.888Z | [  [32minfo[39m  ] | Database is connected successfully.......
2022-08-08T16:00:21.005Z | [  [32minfo[39m  ] | Example app listening on port 8081!
2022-08-08T16:00:22.991Z | [  [32minfo[39m  ] | Database is connected successfully.......
2022-08-08T16:15:23.879Z | [  [32minfo[39m  ] | Example app listening on port 8081!
2022-08-08T16:15:24.401Z | [  [32minfo[39m  ] | Database is connected successfully.......
